\BOOKMARK [1][-]{Doc-Start}{\376\377\000A\000b\000b\000i\000l\000d\000u\000n\000g\000s\000v\000e\000r\000z\000e\000i\000c\000h\000n\000i\000s}{}% 1
\BOOKMARK [1][-]{section.0.1}{\376\377\000E\000i\000n\000l\000e\000i\000t\000u\000n\000g}{}% 2
\BOOKMARK [2][-]{subsection.0.1.1}{\376\377\000A\000b\000s\000t\000r\000a\000c\000t}{section.0.1}% 3
\BOOKMARK [2][-]{subsection.0.1.2}{\376\377\000T\000h\000e\000o\000r\000i\000e}{section.0.1}% 4
\BOOKMARK [3][-]{subsubsection.0.1.2.1}{\376\377\000D\000a\000s\000\040\000P\000r\000i\000n\000z\000i\000p\000\040\000d\000e\000s\000\040\000L\000i\000n\000i\000e\000n\000s\000t\000r\000a\000h\000l\000e\000r\000s}{subsection.0.1.2}% 5
\BOOKMARK [3][-]{subsubsection.0.1.2.2}{\376\377\000D\000a\000s\000\040\000P\000r\000i\000n\000z\000i\000p\000\040\000d\000e\000s\000\040\000M\000o\000n\000o\000c\000h\000o\000r\000d}{subsection.0.1.2}% 6
\BOOKMARK [3][-]{subsubsection.0.1.2.3}{\376\377\000S\000i\000g\000n\000a\000l\000t\000r\000a\000n\000s\000p\000o\000r\000t}{subsection.0.1.2}% 7
\BOOKMARK [3][-]{subsubsection.0.1.2.4}{\376\377\000E\000l\000e\000k\000t\000r\000o\000n\000i\000s\000c\000h\000e\000\040\000K\000l\000a\000n\000g\000e\000r\000z\000e\000u\000g\000u\000n\000g}{subsection.0.1.2}% 8
\BOOKMARK [2][-]{subsection.0.1.3}{\376\377\000V\000o\000r\000a\000r\000b\000e\000i\000t\000e\000n}{section.0.1}% 9
\BOOKMARK [3][-]{subsubsection.0.1.3.1}{\376\377\000K\000o\000n\000s\000t\000r\000u\000k\000t\000i\000o\000n\000\040\000u\000n\000d\000\040\000H\000e\000r\000s\000t\000e\000l\000l\000u\000n\000g\000\040\000P\000r\000o\000t\000o\000t\000y\000p}{subsection.0.1.3}% 10
\BOOKMARK [3][-]{subsubsection.0.1.3.2}{\376\377\000S\000c\000h\000w\000i\000n\000g\000s\000p\000u\000l\000e\000n}{subsection.0.1.3}% 11
\BOOKMARK [3][-]{subsubsection.0.1.3.3}{\376\377\000E\000r\000k\000e\000n\000n\000t\000n\000i\000s\000s\000e}{subsection.0.1.3}% 12
\BOOKMARK [3][-]{subsubsection.0.1.3.4}{\376\377\000K\000o\000n\000s\000t\000r\000u\000k\000t\000i\000o\000n\000\040\000K\000o\000r\000p\000u\000s\000\040\000m\000i\000t\000\040\000s\000e\000c\000h\000s\000\040\000E\000l\000e\000m\000e\000n\000t\000e\000n}{subsection.0.1.3}% 13
\BOOKMARK [1][-]{section.0.2}{\376\377\000S\000y\000s\000t\000e\000m\000\040\000E\000n\000g\000i\000n\000e\000e\000r\000i\000n\000g}{}% 14
\BOOKMARK [2][-]{subsection.0.2.1}{\376\377\000S\000i\000t\000u\000a\000t\000i\000o\000n\000s\000a\000n\000a\000l\000y\000s\000e}{section.0.2}% 15
\BOOKMARK [3][-]{subsubsection.0.2.1.1}{\376\377\000S\000W\000O\000T\000\040\000A\000n\000a\000l\000y\000s\000e}{subsection.0.2.1}% 16
\BOOKMARK [3][-]{subsubsection.0.2.1.2}{\376\377\000I\000s\000h\000i\000k\000a\000w\000a\000\040\000D\000i\000a\000g\000r\000a\000m\000m}{subsection.0.2.1}% 17
\BOOKMARK [2][-]{subsection.0.2.2}{\376\377\000Z\000i\000e\000l\000d\000e\000f\000i\000n\000i\000t\000i\000o\000n}{section.0.2}% 18
\BOOKMARK [2][-]{subsection.0.2.3}{\376\377\000Z\000i\000e\000l\000b\000e\000z\000i\000e\000h\000u\000n\000g\000e\000n}{section.0.2}% 19
\BOOKMARK [2][-]{subsection.0.2.4}{\376\377\000Z\000i\000e\000l\000g\000e\000w\000i\000c\000h\000t\000u\000n\000g}{section.0.2}% 20
\BOOKMARK [2][-]{subsection.0.2.5}{\376\377\000V\000a\000r\000i\000a\000n\000t\000e\000n\000d\000e\000f\000i\000n\000i\000t\000i\000o\000n}{section.0.2}% 21
\BOOKMARK [3][-]{subsubsection.0.2.5.1}{\376\377\000M\000o\000r\000p\000h\000o\000l\000o\000g\000i\000s\000c\000h\000e\000r\000\040\000K\000a\000s\000t\000e\000n}{subsection.0.2.5}% 22
\BOOKMARK [3][-]{subsubsection.0.2.5.2}{\376\377\000V\000a\000r\000i\000a\000n\000t\000e\000\040\000A\000:\000\040\000A\000l\000l\000e\000s\000\040\000A\000n\000a\000l\000o\000g}{subsection.0.2.5}% 23
\BOOKMARK [3][-]{subsubsection.0.2.5.3}{\376\377\000V\000a\000r\000i\000a\000n\000t\000e\000\040\000B\000:\000\040\000D\000r\000a\000h\000t\000l\000o\000s\000\040\000\046\000\040\000P\000o\000r\000t\000a\000b\000e\000l}{subsection.0.2.5}% 24
\BOOKMARK [3][-]{subsubsection.0.2.5.4}{\376\377\000V\000a\000r\000i\000a\000n\000t\000e\000\040\000C\000:\000\040\000H\000i\000g\000h\000-\000E\000n\000d\000\040\000A\000u\000d\000i\000o\000p\000h\000i\000l}{subsection.0.2.5}% 25
\BOOKMARK [3][-]{subsubsection.0.2.5.5}{\376\377\000V\000a\000r\000i\000a\000n\000t\000e\000\040\000D\000:\000\040\000E\000i\000n\000f\000a\000c\000h\000e\000\040\000A\000n\000w\000e\000n\000d\000u\000n\000g\000,\000\040\000P\000l\000u\000g\000'\000n\000'\000P\000l\000a\000y}{subsection.0.2.5}% 26
\BOOKMARK [3][-]{subsubsection.0.2.5.6}{\376\377\000V\000a\000r\000i\000a\000n\000t\000e\000\040\000E\000:\000\040\000N\000e\000u\000\040\000i\000s\000t\000\040\000b\000e\000s\000s\000e\000r}{subsection.0.2.5}% 27
\BOOKMARK [2][-]{subsection.0.2.6}{\376\377\000V\000a\000r\000i\000a\000n\000t\000e\000n\000a\000u\000s\000w\000e\000r\000t\000u\000n\000g}{section.0.2}% 28
\BOOKMARK [2][-]{subsection.0.2.7}{\376\377\000V\000a\000r\000i\000a\000n\000t\000e\000n\000a\000u\000s\000w\000a\000h\000l}{section.0.2}% 29
\BOOKMARK [2][-]{subsection.0.2.8}{\376\377\000T\000e\000r\000m\000i\000n\000p\000l\000a\000n\000u\000n\000g}{section.0.2}% 30
\BOOKMARK [1][-]{section.0.3}{\376\377\000U\000m\000s\000e\000t\000z\000u\000n\000g}{}% 31
\BOOKMARK [2][-]{subsection.0.3.1}{\376\377\000S\000y\000s\000t\000e\000m\000a\000u\000f\000b\000a\000u}{section.0.3}% 32
\BOOKMARK [1][-]{section.0.4}{\376\377\000T\000e\000s\000t\000s}{}% 33
\BOOKMARK [1][-]{section.0.5}{\376\377\000F\000a\000z\000i\000t}{}% 34
\BOOKMARK [1][-]{section.0.5}{\376\377\0001\0003\000\040\000T\000a\000b\000e\000l\000l\000e\000n\000v\000e\000r\000z\000e\000i\000c\000h\000n\000i\000s}{}% 35
\BOOKMARK [1][-]{chapter*.52}{\376\377\000Q\000u\000e\000l\000l\000e\000n\000v\000e\000r\000z\000e\000i\000c\000h\000n\000i\000s}{}% 36
